2023-10-26T22:49:23.444-04:00  INFO 6576 --- [main] c.e.d.t.Taller1proyectoApplication       : Starting Taller1proyectoApplication using Java 17.0.8.1 with PID 6576 (C:\Users\e1818\OneDrive\Documentos\gestion2023\taller1\taller1proyecto\target\classes started by e1818 in C:\Users\e1818\OneDrive\Documentos\gestion2023\taller1\taller1proyecto)
2023-10-26T22:49:23.455-04:00  INFO 6576 --- [main] c.e.d.t.Taller1proyectoApplication       : No active profile set, falling back to 1 default profile: "default"
2023-10-26T22:49:26.379-04:00  INFO 6576 --- [main] .s.d.r.c.RepositoryConfigurationDelegate : Bootstrapping Spring Data JPA repositories in DEFAULT mode.
2023-10-26T22:49:26.434-04:00 DEBUG 6576 --- [main] o.s.b.a.AutoConfigurationPackages        : @EnableAutoConfiguration was declared on a class in the package 'com.example.demo.taller1proyecto'. Automatic @Repository and @Entity scanning is enabled.
2023-10-26T22:49:26.625-04:00  INFO 6576 --- [main] .s.d.r.c.RepositoryConfigurationDelegate : Finished Spring Data repository scanning in 225 ms. Found 6 JPA repository interfaces.
2023-10-26T22:49:28.181-04:00  INFO 6576 --- [main] o.s.b.w.embedded.tomcat.TomcatWebServer  : Tomcat initialized with port(s): 8080 (http)
2023-10-26T22:49:28.207-04:00  INFO 6576 --- [main] o.apache.catalina.core.StandardService   : Starting service [Tomcat]
2023-10-26T22:49:28.216-04:00  INFO 6576 --- [main] o.apache.catalina.core.StandardEngine    : Starting Servlet engine: [Apache Tomcat/10.1.8]
2023-10-26T22:49:28.506-04:00  INFO 6576 --- [main] o.a.c.c.C.[Tomcat].[localhost].[/]       : Initializing Spring embedded WebApplicationContext
2023-10-26T22:49:28.508-04:00  INFO 6576 --- [main] w.s.c.ServletWebServerApplicationContext : Root WebApplicationContext: initialization completed in 4821 ms
2023-10-26T22:49:29.127-04:00  INFO 6576 --- [main] o.hibernate.jpa.internal.util.LogHelper  : HHH000204: Processing PersistenceUnitInfo [name: default]
2023-10-26T22:49:29.252-04:00  INFO 6576 --- [main] org.hibernate.Version                    : HHH000412: Hibernate ORM core version 6.1.7.Final
2023-10-26T22:49:29.958-04:00  INFO 6576 --- [main] com.zaxxer.hikari.HikariDataSource       : HikariPool-1 - Starting...
2023-10-26T22:49:30.214-04:00  INFO 6576 --- [main] com.zaxxer.hikari.pool.HikariPool        : HikariPool-1 - Added connection org.postgresql.jdbc.PgConnection@1b791dca
2023-10-26T22:49:30.222-04:00  INFO 6576 --- [main] com.zaxxer.hikari.HikariDataSource       : HikariPool-1 - Start completed.
2023-10-26T22:49:30.344-04:00  INFO 6576 --- [main] SQL dialect                              : HHH000400: Using dialect: org.hibernate.dialect.PostgreSQL95Dialect
2023-10-26T22:49:30.350-04:00  WARN 6576 --- [main] org.hibernate.orm.deprecation            : HHH90000026: PostgreSQL95Dialect has been deprecated; use org.hibernate.dialect.PostgreSQLDialect instead
2023-10-26T22:49:32.683-04:00  INFO 6576 --- [main] o.h.e.t.j.p.i.JtaPlatformInitiator       : HHH000490: Using JtaPlatform implementation: [org.hibernate.engine.transaction.jta.platform.internal.NoJtaPlatform]
2023-10-26T22:49:32.702-04:00  INFO 6576 --- [main] j.LocalContainerEntityManagerFactoryBean : Initialized JPA EntityManagerFactory for persistence unit 'default'
2023-10-26T22:49:34.007-04:00  WARN 6576 --- [main] JpaBaseConfiguration$JpaWebConfiguration : spring.jpa.open-in-view is enabled by default. Therefore, database queries may be performed during view rendering. Explicitly configure spring.jpa.open-in-view to disable this warning
